Exception: Deliberate test exception at 11-07-2025 14:28:40
Exception: Deliberate test exception at 11-07-2025 14:35:41
